<?xml version="1.0" encoding="UTF-8"?>
<testsuite xmlns:xsi="http://www.w3.org/2001/XMLSchema-instance" xsi:noNamespaceSchemaLocation="https://maven.apache.org/surefire/maven-surefire-plugin/xsd/surefire-test-report.xsd" name="support.runtest" time="81.53" tests="3" errors="0" skipped="0" failures="0">
  <properties>
[...]
</properties>
  <testcase name="Compra de un producto con varias cantidades #1" classname="Funcionalidad del carrito de compra" time="41.622"/>
  <testcase name="Compra de un producto con varias cantidades #2" classname="Funcionalidad del carrito de compra" time="11.303"/>
  <testcase name="Compra de un producto con varias cantidades #3" classname="Funcionalidad del carrito de compra" time="27.958"/>
</testsuite>